[31m(!) Failed to run dependency scan. Skipping dependency pre-bundling. Error: spawn EPERM
    at ChildProcess.spawn (node:internal/child_process:420:11)
    at Object.spawn (node:child_process:753:9)
    at ensureServiceIsRunning (C:\Users\EBYS\Documents\New project\node_modules\esbuild\lib\main.js:2268:29)
    at Object.context (C:\Users\EBYS\Documents\New project\node_modules\esbuild\lib\main.js:2167:33)
    at prepareEsbuildScanner (file:///C:/Users/EBYS/Documents/New%20project/node_modules/vite/dist/node/chunks/config.js:31458:23)
    at async scan (file:///C:/Users/EBYS/Documents/New%20project/node_modules/vite/dist/node/chunks/config.js:31384:14)
    at async file:///C:/Users/EBYS/Documents/New%20project/node_modules/vite/dist/node/chunks/config.js:34115:15[39m
[2m14:00:37[22m [31m[1m[vite][22m[39m [31m[2m(client)[22m[39m Pre-transform error: spawn EPERM
[2m14:01:18[22m [31m[1m[vite][22m[39m [31m[2m(client)[22m[39m Pre-transform error: spawn EPERM
[2m14:01:18[22m [31m[1m[vite][22m[39m [31mInternal server error: spawn EPERM[39m
      at ChildProcess.spawn (node:internal/child_process:420:11)
      at spawn (node:child_process:753:9)
      at Object.execFile (node:child_process:346:17)
      at exec (node:child_process:233:25)
      at optimizeSafeRealPathSync (file:///C:/Users/EBYS/Documents/New%20project/node_modules/vite/dist/node/chunks/config.js:2230:2)
      at windowsSafeRealPathSync (file:///C:/Users/EBYS/Documents/New%20project/node_modules/vite/dist/node/chunks/config.js:2216:3)
      at getRealPath (file:///C:/Users/EBYS/Documents/New%20project/node_modules/vite/dist/node/chunks/config.js:32937:36)
      at tryResolveRealFileOrType (file:///C:/Users/EBYS/Documents/New%20project/node_modules/vite/dist/node/chunks/config.js:32931:9)
      at tryCleanFsResolve (file:///C:/Users/EBYS/Documents/New%20project/node_modules/vite/dist/node/chunks/config.js:32655:21)
      at tryFsResolve (file:///C:/Users/EBYS/Documents/New%20project/node_modules/vite/dist/node/chunks/config.js:32648:14)
[2m14:01:18[22m [31m[1m[vite][22m[39m [31mInternal server error: spawn EPERM[39m
      at ChildProcess.spawn (node:internal/child_process:420:11)
      at spawn (node:child_process:753:9)
      at Object.execFile (node:child_process:346:17)
      at exec (node:child_process:233:25)
      at optimizeSafeRealPathSync (file:///C:/Users/EBYS/Documents/New%20project/node_modules/vite/dist/node/chunks/config.js:2230:2)
      at windowsSafeRealPathSync (file:///C:/Users/EBYS/Documents/New%20project/node_modules/vite/dist/node/chunks/config.js:2216:3)
      at getRealPath (file:///C:/Users/EBYS/Documents/New%20project/node_modules/vite/dist/node/chunks/config.js:32937:36)
      at tryResolveRealFileOrType (file:///C:/Users/EBYS/Documents/New%20project/node_modules/vite/dist/node/chunks/config.js:32931:9)
      at tryCleanFsResolve (file:///C:/Users/EBYS/Documents/New%20project/node_modules/vite/dist/node/chunks/config.js:32655:21)
      at tryFsResolve (file:///C:/Users/EBYS/Documents/New%20project/node_modules/vite/dist/node/chunks/config.js:32648:14)
[2m14:02:04[22m [31m[1m[vite][22m[39m [31m[2m(client)[22m[39m Pre-transform error: spawn EPERM
[2m14:02:04[22m [31m[1m[vite][22m[39m [31mInternal server error: spawn EPERM[39m
      at ChildProcess.spawn (node:internal/child_process:420:11)
      at spawn (node:child_process:753:9)
      at Object.execFile (node:child_process:346:17)
      at exec (node:child_process:233:25)
      at optimizeSafeRealPathSync (file:///C:/Users/EBYS/Documents/New%20project/node_modules/vite/dist/node/chunks/config.js:2230:2)
      at windowsSafeRealPathSync (file:///C:/Users/EBYS/Documents/New%20project/node_modules/vite/dist/node/chunks/config.js:2216:3)
      at getRealPath (file:///C:/Users/EBYS/Documents/New%20project/node_modules/vite/dist/node/chunks/config.js:32937:36)
      at tryResolveRealFileOrType (file:///C:/Users/EBYS/Documents/New%20project/node_modules/vite/dist/node/chunks/config.js:32931:9)
      at tryCleanFsResolve (file:///C:/Users/EBYS/Documents/New%20project/node_modules/vite/dist/node/chunks/config.js:32655:21)
      at tryFsResolve (file:///C:/Users/EBYS/Documents/New%20project/node_modules/vite/dist/node/chunks/config.js:32648:14)
[2m14:02:04[22m [31m[1m[vite][22m[39m [31mInternal server error: spawn EPERM[39m
      at ChildProcess.spawn (node:internal/child_process:420:11)
      at spawn (node:child_process:753:9)
      at Object.execFile (node:child_process:346:17)
      at exec (node:child_process:233:25)
      at optimizeSafeRealPathSync (file:///C:/Users/EBYS/Documents/New%20project/node_modules/vite/dist/node/chunks/config.js:2230:2)
      at windowsSafeRealPathSync (file:///C:/Users/EBYS/Documents/New%20project/node_modules/vite/dist/node/chunks/config.js:2216:3)
      at getRealPath (file:///C:/Users/EBYS/Documents/New%20project/node_modules/vite/dist/node/chunks/config.js:32937:36)
      at tryResolveRealFileOrType (file:///C:/Users/EBYS/Documents/New%20project/node_modules/vite/dist/node/chunks/config.js:32931:9)
      at tryCleanFsResolve (file:///C:/Users/EBYS/Documents/New%20project/node_modules/vite/dist/node/chunks/config.js:32655:21)
      at tryFsResolve (file:///C:/Users/EBYS/Documents/New%20project/node_modules/vite/dist/node/chunks/config.js:32648:14)
[2m14:02:20[22m [31m[1m[vite][22m[39m [31m[2m(client)[22m[39m Pre-transform error: spawn EPERM
[2m14:02:20[22m [31m[1m[vite][22m[39m [31mInternal server error: spawn EPERM[39m
      at ChildProcess.spawn (node:internal/child_process:420:11)
      at spawn (node:child_process:753:9)
      at Object.execFile (node:child_process:346:17)
      at exec (node:child_process:233:25)
      at optimizeSafeRealPathSync (file:///C:/Users/EBYS/Documents/New%20project/node_modules/vite/dist/node/chunks/config.js:2230:2)
      at windowsSafeRealPathSync (file:///C:/Users/EBYS/Documents/New%20project/node_modules/vite/dist/node/chunks/config.js:2216:3)
      at getRealPath (file:///C:/Users/EBYS/Documents/New%20project/node_modules/vite/dist/node/chunks/config.js:32937:36)
      at tryResolveRealFileOrType (file:///C:/Users/EBYS/Documents/New%20project/node_modules/vite/dist/node/chunks/config.js:32931:9)
      at tryCleanFsResolve (file:///C:/Users/EBYS/Documents/New%20project/node_modules/vite/dist/node/chunks/config.js:32655:21)
      at tryFsResolve (file:///C:/Users/EBYS/Documents/New%20project/node_modules/vite/dist/node/chunks/config.js:32648:14)
[2m14:02:20[22m [31m[1m[vite][22m[39m [31mInternal server error: spawn EPERM[39m
      at ChildProcess.spawn (node:internal/child_process:420:11)
      at spawn (node:child_process:753:9)
      at Object.execFile (node:child_process:346:17)
      at exec (node:child_process:233:25)
      at optimizeSafeRealPathSync (file:///C:/Users/EBYS/Documents/New%20project/node_modules/vite/dist/node/chunks/config.js:2230:2)
      at windowsSafeRealPathSync (file:///C:/Users/EBYS/Documents/New%20project/node_modules/vite/dist/node/chunks/config.js:2216:3)
      at getRealPath (file:///C:/Users/EBYS/Documents/New%20project/node_modules/vite/dist/node/chunks/config.js:32937:36)
      at tryResolveRealFileOrType (file:///C:/Users/EBYS/Documents/New%20project/node_modules/vite/dist/node/chunks/config.js:32931:9)
      at tryCleanFsResolve (file:///C:/Users/EBYS/Documents/New%20project/node_modules/vite/dist/node/chunks/config.js:32655:21)
      at tryFsResolve (file:///C:/Users/EBYS/Documents/New%20project/node_modules/vite/dist/node/chunks/config.js:32648:14)
[2m14:02:21[22m [31m[1m[vite][22m[39m [31m[2m(client)[22m[39m Pre-transform error: spawn EPERM
[2m14:02:21[22m [31m[1m[vite][22m[39m [31mInternal server error: spawn EPERM[39m
      at ChildProcess.spawn (node:internal/child_process:420:11)
      at spawn (node:child_process:753:9)
      at Object.execFile (node:child_process:346:17)
      at exec (node:child_process:233:25)
      at optimizeSafeRealPathSync (file:///C:/Users/EBYS/Documents/New%20project/node_modules/vite/dist/node/chunks/config.js:2230:2)
      at windowsSafeRealPathSync (file:///C:/Users/EBYS/Documents/New%20project/node_modules/vite/dist/node/chunks/config.js:2216:3)
      at getRealPath (file:///C:/Users/EBYS/Documents/New%20project/node_modules/vite/dist/node/chunks/config.js:32937:36)
      at tryResolveRealFileOrType (file:///C:/Users/EBYS/Documents/New%20project/node_modules/vite/dist/node/chunks/config.js:32931:9)
      at tryCleanFsResolve (file:///C:/Users/EBYS/Documents/New%20project/node_modules/vite/dist/node/chunks/config.js:32655:21)
      at tryFsResolve (file:///C:/Users/EBYS/Documents/New%20project/node_modules/vite/dist/node/chunks/config.js:32648:14)
[2m14:02:21[22m [31m[1m[vite][22m[39m [31mInternal server error: spawn EPERM[39m
      at ChildProcess.spawn (node:internal/child_process:420:11)
      at spawn (node:child_process:753:9)
      at Object.execFile (node:child_process:346:17)
      at exec (node:child_process:233:25)
      at optimizeSafeRealPathSync (file:///C:/Users/EBYS/Documents/New%20project/node_modules/vite/dist/node/chunks/config.js:2230:2)
      at windowsSafeRealPathSync (file:///C:/Users/EBYS/Documents/New%20project/node_modules/vite/dist/node/chunks/config.js:2216:3)
      at getRealPath (file:///C:/Users/EBYS/Documents/New%20project/node_modules/vite/dist/node/chunks/config.js:32937:36)
      at tryResolveRealFileOrType (file:///C:/Users/EBYS/Documents/New%20project/node_modules/vite/dist/node/chunks/config.js:32931:9)
      at tryCleanFsResolve (file:///C:/Users/EBYS/Documents/New%20project/node_modules/vite/dist/node/chunks/config.js:32655:21)
      at tryFsResolve (file:///C:/Users/EBYS/Documents/New%20project/node_modules/vite/dist/node/chunks/config.js:32648:14)
[2m14:02:21[22m [31m[1m[vite][22m[39m [31m[2m(client)[22m[39m Pre-transform error: spawn EPERM
[2m14:02:21[22m [31m[1m[vite][22m[39m [31mInternal server error: spawn EPERM[39m
      at ChildProcess.spawn (node:internal/child_process:420:11)
      at spawn (node:child_process:753:9)
      at Object.execFile (node:child_process:346:17)
      at exec (node:child_process:233:25)
      at optimizeSafeRealPathSync (file:///C:/Users/EBYS/Documents/New%20project/node_modules/vite/dist/node/chunks/config.js:2230:2)
      at windowsSafeRealPathSync (file:///C:/Users/EBYS/Documents/New%20project/node_modules/vite/dist/node/chunks/config.js:2216:3)
      at getRealPath (file:///C:/Users/EBYS/Documents/New%20project/node_modules/vite/dist/node/chunks/config.js:32937:36)
      at tryResolveRealFileOrType (file:///C:/Users/EBYS/Documents/New%20project/node_modules/vite/dist/node/chunks/config.js:32931:9)
      at tryCleanFsResolve (file:///C:/Users/EBYS/Documents/New%20project/node_modules/vite/dist/node/chunks/config.js:32655:21)
      at tryFsResolve (file:///C:/Users/EBYS/Documents/New%20project/node_modules/vite/dist/node/chunks/config.js:32648:14)
[2m14:02:21[22m [31m[1m[vite][22m[39m [31mInternal server error: spawn EPERM[39m
      at ChildProcess.spawn (node:internal/child_process:420:11)
      at spawn (node:child_process:753:9)
      at Object.execFile (node:child_process:346:17)
      at exec (node:child_process:233:25)
      at optimizeSafeRealPathSync (file:///C:/Users/EBYS/Documents/New%20project/node_modules/vite/dist/node/chunks/config.js:2230:2)
      at windowsSafeRealPathSync (file:///C:/Users/EBYS/Documents/New%20project/node_modules/vite/dist/node/chunks/config.js:2216:3)
      at getRealPath (file:///C:/Users/EBYS/Documents/New%20project/node_modules/vite/dist/node/chunks/config.js:32937:36)
      at tryResolveRealFileOrType (file:///C:/Users/EBYS/Documents/New%20project/node_modules/vite/dist/node/chunks/config.js:32931:9)
      at tryCleanFsResolve (file:///C:/Users/EBYS/Documents/New%20project/node_modules/vite/dist/node/chunks/config.js:32655:21)
      at tryFsResolve (file:///C:/Users/EBYS/Documents/New%20project/node_modules/vite/dist/node/chunks/config.js:32648:14)
[2m14:02:22[22m [31m[1m[vite][22m[39m [31m[2m(client)[22m[39m Pre-transform error: spawn EPERM
[2m14:02:22[22m [31m[1m[vite][22m[39m [31mInternal server error: spawn EPERM[39m
      at ChildProcess.spawn (node:internal/child_process:420:11)
      at spawn (node:child_process:753:9)
      at Object.execFile (node:child_process:346:17)
      at exec (node:child_process:233:25)
      at optimizeSafeRealPathSync (file:///C:/Users/EBYS/Documents/New%20project/node_modules/vite/dist/node/chunks/config.js:2230:2)
      at windowsSafeRealPathSync (file:///C:/Users/EBYS/Documents/New%20project/node_modules/vite/dist/node/chunks/config.js:2216:3)
      at getRealPath (file:///C:/Users/EBYS/Documents/New%20project/node_modules/vite/dist/node/chunks/config.js:32937:36)
      at tryResolveRealFileOrType (file:///C:/Users/EBYS/Documents/New%20project/node_modules/vite/dist/node/chunks/config.js:32931:9)
      at tryCleanFsResolve (file:///C:/Users/EBYS/Documents/New%20project/node_modules/vite/dist/node/chunks/config.js:32655:21)
      at tryFsResolve (file:///C:/Users/EBYS/Documents/New%20project/node_modules/vite/dist/node/chunks/config.js:32648:14)
[2m14:02:22[22m [31m[1m[vite][22m[39m [31mInternal server error: spawn EPERM[39m
      at ChildProcess.spawn (node:internal/child_process:420:11)
      at spawn (node:child_process:753:9)
      at Object.execFile (node:child_process:346:17)
      at exec (node:child_process:233:25)
      at optimizeSafeRealPathSync (file:///C:/Users/EBYS/Documents/New%20project/node_modules/vite/dist/node/chunks/config.js:2230:2)
      at windowsSafeRealPathSync (file:///C:/Users/EBYS/Documents/New%20project/node_modules/vite/dist/node/chunks/config.js:2216:3)
      at getRealPath (file:///C:/Users/EBYS/Documents/New%20project/node_modules/vite/dist/node/chunks/config.js:32937:36)
      at tryResolveRealFileOrType (file:///C:/Users/EBYS/Documents/New%20project/node_modules/vite/dist/node/chunks/config.js:32931:9)
      at tryCleanFsResolve (file:///C:/Users/EBYS/Documents/New%20project/node_modules/vite/dist/node/chunks/config.js:32655:21)
      at tryFsResolve (file:///C:/Users/EBYS/Documents/New%20project/node_modules/vite/dist/node/chunks/config.js:32648:14)
[2m14:02:23[22m [31m[1m[vite][22m[39m [31m[2m(client)[22m[39m Pre-transform error: spawn EPERM
[2m14:02:23[22m [31m[1m[vite][22m[39m [31mInternal server error: spawn EPERM[39m
      at ChildProcess.spawn (node:internal/child_process:420:11)
      at spawn (node:child_process:753:9)
      at Object.execFile (node:child_process:346:17)
      at exec (node:child_process:233:25)
      at optimizeSafeRealPathSync (file:///C:/Users/EBYS/Documents/New%20project/node_modules/vite/dist/node/chunks/config.js:2230:2)
      at windowsSafeRealPathSync (file:///C:/Users/EBYS/Documents/New%20project/node_modules/vite/dist/node/chunks/config.js:2216:3)
      at getRealPath (file:///C:/Users/EBYS/Documents/New%20project/node_modules/vite/dist/node/chunks/config.js:32937:36)
      at tryResolveRealFileOrType (file:///C:/Users/EBYS/Documents/New%20project/node_modules/vite/dist/node/chunks/config.js:32931:9)
      at tryCleanFsResolve (file:///C:/Users/EBYS/Documents/New%20project/node_modules/vite/dist/node/chunks/config.js:32655:21)
      at tryFsResolve (file:///C:/Users/EBYS/Documents/New%20project/node_modules/vite/dist/node/chunks/config.js:32648:14)
[2m14:02:23[22m [31m[1m[vite][22m[39m [31mInternal server error: spawn EPERM[39m
      at ChildProcess.spawn (node:internal/child_process:420:11)
      at spawn (node:child_process:753:9)
      at Object.execFile (node:child_process:346:17)
      at exec (node:child_process:233:25)
      at optimizeSafeRealPathSync (file:///C:/Users/EBYS/Documents/New%20project/node_modules/vite/dist/node/chunks/config.js:2230:2)
      at windowsSafeRealPathSync (file:///C:/Users/EBYS/Documents/New%20project/node_modules/vite/dist/node/chunks/config.js:2216:3)
      at getRealPath (file:///C:/Users/EBYS/Documents/New%20project/node_modules/vite/dist/node/chunks/config.js:32937:36)
      at tryResolveRealFileOrType (file:///C:/Users/EBYS/Documents/New%20project/node_modules/vite/dist/node/chunks/config.js:32931:9)
      at tryCleanFsResolve (file:///C:/Users/EBYS/Documents/New%20project/node_modules/vite/dist/node/chunks/config.js:32655:21)
      at tryFsResolve (file:///C:/Users/EBYS/Documents/New%20project/node_modules/vite/dist/node/chunks/config.js:32648:14)
[2m14:03:02[22m [31m[1m[vite][22m[39m [31m[2m(client)[22m[39m Pre-transform error: spawn EPERM
[2m14:03:06[22m [31m[1m[vite][22m[39m [31m[2m(client)[22m[39m Pre-transform error: spawn EPERM
[2m14:03:06[22m [31m[1m[vite][22m[39m [31mInternal server error: spawn EPERM[39m
      at ChildProcess.spawn (node:internal/child_process:420:11)
      at spawn (node:child_process:753:9)
      at Object.execFile (node:child_process:346:17)
      at exec (node:child_process:233:25)
      at optimizeSafeRealPathSync (file:///C:/Users/EBYS/Documents/New%20project/node_modules/vite/dist/node/chunks/config.js:2230:2)
      at windowsSafeRealPathSync (file:///C:/Users/EBYS/Documents/New%20project/node_modules/vite/dist/node/chunks/config.js:2216:3)
      at getRealPath (file:///C:/Users/EBYS/Documents/New%20project/node_modules/vite/dist/node/chunks/config.js:32937:36)
      at tryResolveRealFileOrType (file:///C:/Users/EBYS/Documents/New%20project/node_modules/vite/dist/node/chunks/config.js:32931:9)
      at tryCleanFsResolve (file:///C:/Users/EBYS/Documents/New%20project/node_modules/vite/dist/node/chunks/config.js:32655:21)
      at tryFsResolve (file:///C:/Users/EBYS/Documents/New%20project/node_modules/vite/dist/node/chunks/config.js:32648:14)
[2m14:03:06[22m [31m[1m[vite][22m[39m [31mInternal server error: spawn EPERM[39m
      at ChildProcess.spawn (node:internal/child_process:420:11)
      at spawn (node:child_process:753:9)
      at Object.execFile (node:child_process:346:17)
      at exec (node:child_process:233:25)
      at optimizeSafeRealPathSync (file:///C:/Users/EBYS/Documents/New%20project/node_modules/vite/dist/node/chunks/config.js:2230:2)
      at windowsSafeRealPathSync (file:///C:/Users/EBYS/Documents/New%20project/node_modules/vite/dist/node/chunks/config.js:2216:3)
      at getRealPath (file:///C:/Users/EBYS/Documents/New%20project/node_modules/vite/dist/node/chunks/config.js:32937:36)
      at tryResolveRealFileOrType (file:///C:/Users/EBYS/Documents/New%20project/node_modules/vite/dist/node/chunks/config.js:32931:9)
      at tryCleanFsResolve (file:///C:/Users/EBYS/Documents/New%20project/node_modules/vite/dist/node/chunks/config.js:32655:21)
      at tryFsResolve (file:///C:/Users/EBYS/Documents/New%20project/node_modules/vite/dist/node/chunks/config.js:32648:14)
[2m14:03:22[22m [31m[1m[vite][22m[39m [31m[2m(client)[22m[39m Pre-transform error: spawn EPERM
[2m14:03:22[22m [31m[1m[vite][22m[39m [31mInternal server error: spawn EPERM[39m
      at ChildProcess.spawn (node:internal/child_process:420:11)
      at spawn (node:child_process:753:9)
      at Object.execFile (node:child_process:346:17)
      at exec (node:child_process:233:25)
      at optimizeSafeRealPathSync (file:///C:/Users/EBYS/Documents/New%20project/node_modules/vite/dist/node/chunks/config.js:2230:2)
      at windowsSafeRealPathSync (file:///C:/Users/EBYS/Documents/New%20project/node_modules/vite/dist/node/chunks/config.js:2216:3)
      at getRealPath (file:///C:/Users/EBYS/Documents/New%20project/node_modules/vite/dist/node/chunks/config.js:32937:36)
      at tryResolveRealFileOrType (file:///C:/Users/EBYS/Documents/New%20project/node_modules/vite/dist/node/chunks/config.js:32931:9)
      at tryCleanFsResolve (file:///C:/Users/EBYS/Documents/New%20project/node_modules/vite/dist/node/chunks/config.js:32655:21)
      at tryFsResolve (file:///C:/Users/EBYS/Documents/New%20project/node_modules/vite/dist/node/chunks/config.js:32648:14)
[2m14:03:22[22m [31m[1m[vite][22m[39m [31mInternal server error: spawn EPERM[39m
      at ChildProcess.spawn (node:internal/child_process:420:11)
      at spawn (node:child_process:753:9)
      at Object.execFile (node:child_process:346:17)
      at exec (node:child_process:233:25)
      at optimizeSafeRealPathSync (file:///C:/Users/EBYS/Documents/New%20project/node_modules/vite/dist/node/chunks/config.js:2230:2)
      at windowsSafeRealPathSync (file:///C:/Users/EBYS/Documents/New%20project/node_modules/vite/dist/node/chunks/config.js:2216:3)
      at getRealPath (file:///C:/Users/EBYS/Documents/New%20project/node_modules/vite/dist/node/chunks/config.js:32937:36)
      at tryResolveRealFileOrType (file:///C:/Users/EBYS/Documents/New%20project/node_modules/vite/dist/node/chunks/config.js:32931:9)
      at tryCleanFsResolve (file:///C:/Users/EBYS/Documents/New%20project/node_modules/vite/dist/node/chunks/config.js:32655:21)
      at tryFsResolve (file:///C:/Users/EBYS/Documents/New%20project/node_modules/vite/dist/node/chunks/config.js:32648:14)
[2m14:03:28[22m [31m[1m[vite][22m[39m [31m[2m(client)[22m[39m Pre-transform error: spawn EPERM
[2m14:03:28[22m [31m[1m[vite][22m[39m [31mInternal server error: spawn EPERM[39m
      at ChildProcess.spawn (node:internal/child_process:420:11)
      at spawn (node:child_process:753:9)
      at Object.execFile (node:child_process:346:17)
      at exec (node:child_process:233:25)
      at optimizeSafeRealPathSync (file:///C:/Users/EBYS/Documents/New%20project/node_modules/vite/dist/node/chunks/config.js:2230:2)
      at windowsSafeRealPathSync (file:///C:/Users/EBYS/Documents/New%20project/node_modules/vite/dist/node/chunks/config.js:2216:3)
      at getRealPath (file:///C:/Users/EBYS/Documents/New%20project/node_modules/vite/dist/node/chunks/config.js:32937:36)
      at tryResolveRealFileOrType (file:///C:/Users/EBYS/Documents/New%20project/node_modules/vite/dist/node/chunks/config.js:32931:9)
      at tryCleanFsResolve (file:///C:/Users/EBYS/Documents/New%20project/node_modules/vite/dist/node/chunks/config.js:32655:21)
      at tryFsResolve (file:///C:/Users/EBYS/Documents/New%20project/node_modules/vite/dist/node/chunks/config.js:32648:14)
[2m14:03:28[22m [31m[1m[vite][22m[39m [31mInternal server error: spawn EPERM[39m
      at ChildProcess.spawn (node:internal/child_process:420:11)
      at spawn (node:child_process:753:9)
      at Object.execFile (node:child_process:346:17)
      at exec (node:child_process:233:25)
      at optimizeSafeRealPathSync (file:///C:/Users/EBYS/Documents/New%20project/node_modules/vite/dist/node/chunks/config.js:2230:2)
      at windowsSafeRealPathSync (file:///C:/Users/EBYS/Documents/New%20project/node_modules/vite/dist/node/chunks/config.js:2216:3)
      at getRealPath (file:///C:/Users/EBYS/Documents/New%20project/node_modules/vite/dist/node/chunks/config.js:32937:36)
      at tryResolveRealFileOrType (file:///C:/Users/EBYS/Documents/New%20project/node_modules/vite/dist/node/chunks/config.js:32931:9)
      at tryCleanFsResolve (file:///C:/Users/EBYS/Documents/New%20project/node_modules/vite/dist/node/chunks/config.js:32655:21)
      at tryFsResolve (file:///C:/Users/EBYS/Documents/New%20project/node_modules/vite/dist/node/chunks/config.js:32648:14)
[2m14:03:30[22m [31m[1m[vite][22m[39m [31m[2m(client)[22m[39m Pre-transform error: spawn EPERM
[2m14:03:30[22m [31m[1m[vite][22m[39m [31mInternal server error: spawn EPERM[39m
      at ChildProcess.spawn (node:internal/child_process:420:11)
      at spawn (node:child_process:753:9)
      at Object.execFile (node:child_process:346:17)
      at exec (node:child_process:233:25)
      at optimizeSafeRealPathSync (file:///C:/Users/EBYS/Documents/New%20project/node_modules/vite/dist/node/chunks/config.js:2230:2)
      at windowsSafeRealPathSync (file:///C:/Users/EBYS/Documents/New%20project/node_modules/vite/dist/node/chunks/config.js:2216:3)
      at getRealPath (file:///C:/Users/EBYS/Documents/New%20project/node_modules/vite/dist/node/chunks/config.js:32937:36)
      at tryResolveRealFileOrType (file:///C:/Users/EBYS/Documents/New%20project/node_modules/vite/dist/node/chunks/config.js:32931:9)
      at tryCleanFsResolve (file:///C:/Users/EBYS/Documents/New%20project/node_modules/vite/dist/node/chunks/config.js:32655:21)
      at tryFsResolve (file:///C:/Users/EBYS/Documents/New%20project/node_modules/vite/dist/node/chunks/config.js:32648:14)
[2m14:03:30[22m [31m[1m[vite][22m[39m [31mInternal server error: spawn EPERM[39m
      at ChildProcess.spawn (node:internal/child_process:420:11)
      at spawn (node:child_process:753:9)
      at Object.execFile (node:child_process:346:17)
      at exec (node:child_process:233:25)
      at optimizeSafeRealPathSync (file:///C:/Users/EBYS/Documents/New%20project/node_modules/vite/dist/node/chunks/config.js:2230:2)
      at windowsSafeRealPathSync (file:///C:/Users/EBYS/Documents/New%20project/node_modules/vite/dist/node/chunks/config.js:2216:3)
      at getRealPath (file:///C:/Users/EBYS/Documents/New%20project/node_modules/vite/dist/node/chunks/config.js:32937:36)
      at tryResolveRealFileOrType (file:///C:/Users/EBYS/Documents/New%20project/node_modules/vite/dist/node/chunks/config.js:32931:9)
      at tryCleanFsResolve (file:///C:/Users/EBYS/Documents/New%20project/node_modules/vite/dist/node/chunks/config.js:32655:21)
      at tryFsResolve (file:///C:/Users/EBYS/Documents/New%20project/node_modules/vite/dist/node/chunks/config.js:32648:14)
